Arguments: 
  /home/igor/.nvm/versions/node/v14.17.3/bin/node /home/igor/.nvm/versions/node/v14.17.3/bin/yarn add express helmet serverless-http

PATH: 
  /home/igor/.serverless/bin:/home/igor/.pyenv/plugins/pyenv-virtualenv/shims:/home/igor/.pyenv/shims:~/.pyenv/bin:/home/igor/.nvm/versions/node/v14.17.3/bin:/home/igor/.serverless/bin:/usr/local/sbin:/usr/local/bin:/usr/sbin:/usr/bin:/sbin:/bin:/usr/games:/usr/local/games:/snap/bin

Yarn version: 
  1.22.10

Node version: 
  14.17.3

Platform: 
  linux x64

Trace: 
  SyntaxError: /home/igor/projects/apolo/tedin-automation/package.json: Unexpected token } in JSON at position 495
      at JSON.parse (<anonymous>)
      at /home/igor/.nvm/versions/node/v14.17.3/lib/node_modules/yarn/lib/cli.js:1625:59
      at Generator.next (<anonymous>)
      at step (/home/igor/.nvm/versions/node/v14.17.3/lib/node_modules/yarn/lib/cli.js:310:30)
      at /home/igor/.nvm/versions/node/v14.17.3/lib/node_modules/yarn/lib/cli.js:321:13

npm manifest: 
  {
    "name": "tedin-automation",
    "version": "1.0.0",
    "license": "MIT",
    "scripts": {
      "dev": "cross-env NODE_ENV=development sls offline start --stage offline",
      "tail-log": "sls logs -f app -t",
      "deploy-prod": "cross-env NODE_ENV=production sls deploy --stage prod",
      "remove-prod": "sls remove --stage prod",
      "clean": "rimraf dist .webpack .serverless",
      "lint": "eslint --ext .js,.ts .",
      "build-types": "tsc --noEmit --pretty",
      "prepare": "husky install"
    },
  }

yarn manifest: 
  No manifest

Lockfile: 
  No lockfile
